<?xml version="1.0" encoding="UTF-8"?>
<testsuite name="com.mcdonalds.ConfigServiceApplicationTests" tests="1" skipped="0" failures="0" errors="0" timestamp="2016-06-19T15:44:54" hostname="375-abondar" time="0.003">
  <properties/>
  <testcase name="contextLoads" classname="com.mcdonalds.ConfigServiceApplicationTests" time="0.003"/>
  <system-out><![CDATA[18:44:45.560 [Test worker] DEBUG org.springframework.test.context.junit4.SpringJUnit4ClassRunner - SpringJUnit4ClassRunner constructor called with [class com.mcdonalds.ConfigServiceApplicationTests]
18:44:45.581 [Test worker] DEBUG org.springframework.test.context.BootstrapUtils - Instantiating CacheAwareContextLoaderDelegate from class [org.springframework.test.context.cache.DefaultCacheAwareContextLoaderDelegate]
18:44:45.593 [Test worker] DEBUG org.springframework.test.context.BootstrapUtils - Instantiating BootstrapContext using constructor [public org.springframework.test.context.support.DefaultBootstrapContext(java.lang.Class,org.springframework.test.context.CacheAwareContextLoaderDelegate)]
18:44:45.615 [Test worker] DEBUG org.springframework.test.context.BootstrapUtils - Instantiating TestContextBootstrapper for test class [com.mcdonalds.ConfigServiceApplicationTests] from class [org.springframework.test.context.support.DefaultTestContextBootstrapper]
18:44:45.834 [Test worker] DEBUG org.springframework.test.context.support.DefaultTestContextBootstrapper - Found explicit ContextLoader class [org.springframework.boot.test.SpringApplicationContextLoader] for context configuration attributes [ContextConfigurationAttributes@60e43ee8 declaringClass = 'com.mcdonalds.ConfigServiceApplicationTests', classes = '{class com.mcdonalds.ConfigServiceApplication}', locations = '{}', inheritLocations = true, initializers = '{}', inheritInitializers = true, name = [null], contextLoaderClass = 'org.springframework.boot.test.SpringApplicationContextLoader']
18:44:45.844 [Test worker] DEBUG org.springframework.test.context.support.AbstractContextLoader - Did not detect default resource location for test class [com.mcdonalds.ConfigServiceApplicationTests]: class path resource [com/mcdonalds/ConfigServiceApplicationTests-context.xml] does not exist
18:44:45.844 [Test worker] DEBUG org.springframework.test.context.support.AbstractContextLoader - Did not detect default resource location for test class [com.mcdonalds.ConfigServiceApplicationTests]: class path resource [com/mcdonalds/ConfigServiceApplicationTestsContext.groovy] does not exist
18:44:45.844 [Test worker] INFO org.springframework.test.context.support.AbstractContextLoader - Could not detect default resource locations for test class [com.mcdonalds.ConfigServiceApplicationTests]: no resource found for suffixes {-context.xml, Context.groovy}.
18:44:45.846 [Test worker] DEBUG org.springframework.test.context.support.ActiveProfilesUtils - Could not find an 'annotation declaring class' for annotation type [org.springframework.test.context.ActiveProfiles] and class [com.mcdonalds.ConfigServiceApplicationTests]
18:44:45.855 [Test worker] DEBUG org.springframework.test.context.support.DefaultTestContextBootstrapper - @TestExecutionListeners is not present for class [com.mcdonalds.ConfigServiceApplicationTests]: using defaults.
18:44:45.865 [Test worker] INFO org.springframework.test.context.support.DefaultTestContextBootstrapper - Loaded default TestExecutionListener class names from location [META-INF/spring.factories]: [org.springframework.test.context.web.ServletTestExecutionListener, org.springframework.test.context.support.DirtiesContextBeforeModesTestExecutionListener, org.springframework.test.context.support.DependencyInjectionTestExecutionListener, org.springframework.test.context.support.DirtiesContextTestExecutionListener, org.springframework.test.context.transaction.TransactionalTestExecutionListener, org.springframework.test.context.jdbc.SqlScriptsTestExecutionListener]
18:44:48.736 [Test worker] INFO org.springframework.test.context.support.DefaultTestContextBootstrapper - Could not instantiate TestExecutionListener [org.springframework.test.context.transaction.TransactionalTestExecutionListener]. Specify custom listener classes or make the default listener classes (and their required dependencies) available. Offending class: [org/springframework/transaction/TransactionDefinition]
18:44:48.742 [Test worker] INFO org.springframework.test.context.support.DefaultTestContextBootstrapper - Could not instantiate TestExecutionListener [org.springframework.test.context.jdbc.SqlScriptsTestExecutionListener]. Specify custom listener classes or make the default listener classes (and their required dependencies) available. Offending class: [org/springframework/transaction/interceptor/TransactionAttribute]
18:44:48.744 [Test worker] INFO org.springframework.test.context.support.DefaultTestContextBootstrapper - Using TestExecutionListeners: [org.springframework.test.context.web.ServletTestExecutionListener@21723920, org.springframework.test.context.support.DirtiesContextBeforeModesTestExecutionListener@405bc01f, org.springframework.test.context.support.DependencyInjectionTestExecutionListener@381295e1, org.springframework.test.context.support.DirtiesContextTestExecutionListener@193c346d]
18:44:48.748 [Test worker] DEBUG org.springframework.test.annotation.ProfileValueUtils - Retrieved @ProfileValueSourceConfiguration [null] for test class [com.mcdonalds.ConfigServiceApplicationTests]
18:44:48.749 [Test worker] DEBUG org.springframework.test.annotation.ProfileValueUtils - Retrieved ProfileValueSource type [class org.springframework.test.annotation.SystemProfileValueSource] for class [com.mcdonalds.ConfigServiceApplicationTests]
18:44:48.750 [Test worker] DEBUG org.springframework.test.annotation.ProfileValueUtils - Retrieved @ProfileValueSourceConfiguration [null] for test class [com.mcdonalds.ConfigServiceApplicationTests]
18:44:48.751 [Test worker] DEBUG org.springframework.test.annotation.ProfileValueUtils - Retrieved ProfileValueSource type [class org.springframework.test.annotation.SystemProfileValueSource] for class [com.mcdonalds.ConfigServiceApplicationTests]
18:44:48.755 [Test worker] DEBUG org.springframework.test.context.support.AbstractDirtiesContextTestExecutionListener - Before test class: context [DefaultTestContext@42a0450a testClass = ConfigServiceApplicationTests, testInstance = [null], testMethod = [null], testException = [null], mergedContextConfiguration = [MergedContextConfiguration@25a57c0 testClass = ConfigServiceApplicationTests, locations = '{}', classes = '{class com.mcdonalds.ConfigServiceApplication}', contextInitializerClasses = '[]', activeProfiles = '{}', propertySourceLocations = '{}', propertySourceProperties = '{}', contextLoader = 'org.springframework.boot.test.SpringApplicationContextLoader', parent = [null]]], class annotated with @DirtiesContext [false] with mode [null].
18:44:48.756 [Test worker] DEBUG org.springframework.test.annotation.ProfileValueUtils - Retrieved @ProfileValueSourceConfiguration [null] for test class [com.mcdonalds.ConfigServiceApplicationTests]
18:44:48.756 [Test worker] DEBUG org.springframework.test.annotation.ProfileValueUtils - Retrieved ProfileValueSource type [class org.springframework.test.annotation.SystemProfileValueSource] for class [com.mcdonalds.ConfigServiceApplicationTests]
18:44:48.758 [Test worker] DEBUG org.springframework.test.context.support.DependencyInjectionTestExecutionListener - Performing dependency injection for test context [[DefaultTestContext@42a0450a testClass = ConfigServiceApplicationTests, testInstance = com.mcdonalds.ConfigServiceApplicationTests@47bc9507, testMethod = [null], testException = [null], mergedContextConfiguration = [MergedContextConfiguration@25a57c0 testClass = ConfigServiceApplicationTests, locations = '{}', classes = '{class com.mcdonalds.ConfigServiceApplication}', contextInitializerClasses = '[]', activeProfiles = '{}', propertySourceLocations = '{}', propertySourceProperties = '{}', contextLoader = 'org.springframework.boot.test.SpringApplicationContextLoader', parent = [null]]]].
18:44:49.202 [Test worker] DEBUG org.springframework.core.env.StandardEnvironment - Adding [systemProperties] PropertySource with lowest search precedence
18:44:49.205 [Test worker] DEBUG org.springframework.core.env.StandardEnvironment - Adding [systemEnvironment] PropertySource with lowest search precedence
18:44:49.205 [Test worker] DEBUG org.springframework.core.env.StandardEnvironment - Initialized StandardEnvironment with PropertySources [systemProperties,systemEnvironment]
18:44:49.207 [Test worker] DEBUG org.springframework.core.env.StandardEnvironment - Adding [integrationTest] PropertySource with search precedence immediately lower than [systemEnvironment]
2016-06-19 18:44:51.739  INFO 16668 --- [    Test worker] s.c.a.AnnotationConfigApplicationContext : Refreshing org.springframework.context.annotation.AnnotationConfigApplicationContext@58bc283: startup date [Sun Jun 19 18:44:51 EEST 2016]; root of context hierarchy
2016-06-19 18:44:52.199  INFO 16668 --- [    Test worker] trationDelegate$BeanPostProcessorChecker : Bean 'configurationPropertiesRebinderAutoConfiguration' of type [class org.springframework.cloud.autoconfigure.ConfigurationPropertiesRebinderAutoConfiguration$$EnhancerBySpringCGLIB$$a9aa35e3] is not eligible for getting processed by all BeanPostProcessors (for example: not eligible for auto-proxying)

  .   ____          _            __ _ _
 /\\ / ___'_ __ _ _(_)_ __  __ _ \ \ \ \
( ( )\___ | '_ | '_| | '_ \/ _` | \ \ \ \
 \\/  ___)| |_)| | | | | || (_| |  ) ) ) )
  '  |____| .__|_| |_|_| |_\__, | / / / /
 =========|_|==============|___/=/_/_/_/
 :: Spring Boot ::        (v1.3.5.RELEASE)

2016-06-19 18:44:52.768  INFO 16668 --- [    Test worker] c.m.ConfigServiceApplicationTests        : The following profiles are active: native
2016-06-19 18:44:52.792  INFO 16668 --- [    Test worker] s.c.a.AnnotationConfigApplicationContext : Refreshing org.springframework.context.annotation.AnnotationConfigApplicationContext@371769a3: startup date [Sun Jun 19 18:44:52 EEST 2016]; parent: org.springframework.context.annotation.AnnotationConfigApplicationContext@58bc283
2016-06-19 18:44:53.359  INFO 16668 --- [    Test worker] o.s.b.f.s.DefaultListableBeanFactory     : Overriding bean definition for bean 'environmentRepository' with a different definition: replacing [Root bean: class [null]; scope=; abstract=false; lazyInit=false; autowireMode=3; dependencyCheck=0; autowireCandidate=true; primary=false; factoryBeanName=org.springframework.cloud.config.server.config.EnvironmentRepositoryConfiguration$GitRepositoryConfiguration; factoryMethodName=environmentRepository; initMethodName=null; destroyMethodName=(inferred); defined in class org.springframework.cloud.config.server.config.EnvironmentRepositoryConfiguration$GitRepositoryConfiguration] with [Root bean: class [null]; scope=; abstract=false; lazyInit=false; autowireMode=3; dependencyCheck=0; autowireCandidate=true; primary=false; factoryBeanName=org.springframework.cloud.config.server.config.EnvironmentRepositoryConfiguration$NativeRepositoryConfiguration; factoryMethodName=environmentRepository; initMethodName=null; destroyMethodName=(inferred); defined in class org.springframework.cloud.config.server.config.EnvironmentRepositoryConfiguration$NativeRepositoryConfiguration]
2016-06-19 18:44:53.470  WARN 16668 --- [    Test worker] o.s.c.a.ConfigurationClassPostProcessor  : Cannot enhance @Configuration bean definition 'refreshScope' since its singleton instance has been created too early. The typical cause is a non-static @Bean method with a BeanDefinitionRegistryPostProcessor return type: Consider declaring such methods as 'static'.
2016-06-19 18:44:53.556  INFO 16668 --- [    Test worker] o.s.cloud.context.scope.GenericScope     : BeanFactory id=fd550986-ec0c-3110-bf15-825cbc4b4ea3
2016-06-19 18:44:53.583  INFO 16668 --- [    Test worker] trationDelegate$BeanPostProcessorChecker : Bean 'org.springframework.cloud.autoconfigure.ConfigurationPropertiesRebinderAutoConfiguration' of type [class org.springframework.cloud.autoconfigure.ConfigurationPropertiesRebinderAutoConfiguration$$EnhancerBySpringCGLIB$$a9aa35e3] is not eligible for getting processed by all BeanPostProcessors (for example: not eligible for auto-proxying)
2016-06-19 18:44:53.591  INFO 16668 --- [    Test worker] trationDelegate$BeanPostProcessorChecker : Bean 'org.springframework.cloud.autoconfigure.RefreshEndpointAutoConfiguration' of type [class org.springframework.cloud.autoconfigure.RefreshEndpointAutoConfiguration$$EnhancerBySpringCGLIB$$530937d9] is not eligible for getting processed by all BeanPostProcessors (for example: not eligible for auto-proxying)
2016-06-19 18:44:54.593  INFO 16668 --- [    Test worker] c.m.ConfigServiceApplicationTests        : Started ConfigServiceApplicationTests in 5.384 seconds (JVM running for 9.795)
]]></system-out>
  <system-err><![CDATA[]]></system-err>
</testsuite>
