<?xml version="1.0" encoding="UTF-8"?>
<testsuite name="com.mcdonalds.ConfigServiceApplicationTests" tests="1" skipped="0" failures="0" errors="0" timestamp="2016-06-19T17:25:39" hostname="375-abondar" time="0.002">
  <properties/>
  <testcase name="contextLoads" classname="com.mcdonalds.ConfigServiceApplicationTests" time="0.002"/>
  <system-out><![CDATA[20:25:35.671 [Test worker] DEBUG org.springframework.test.context.junit4.SpringJUnit4ClassRunner - SpringJUnit4ClassRunner constructor called with [class com.mcdonalds.ConfigServiceApplicationTests]
20:25:35.691 [Test worker] DEBUG org.springframework.test.context.BootstrapUtils - Instantiating CacheAwareContextLoaderDelegate from class [org.springframework.test.context.cache.DefaultCacheAwareContextLoaderDelegate]
20:25:35.703 [Test worker] DEBUG org.springframework.test.context.BootstrapUtils - Instantiating BootstrapContext using constructor [public org.springframework.test.context.support.DefaultBootstrapContext(java.lang.Class,org.springframework.test.context.CacheAwareContextLoaderDelegate)]
20:25:35.716 [Test worker] DEBUG org.springframework.test.context.BootstrapUtils - Instantiating TestContextBootstrapper for test class [com.mcdonalds.ConfigServiceApplicationTests] from class [org.springframework.test.context.support.DefaultTestContextBootstrapper]
20:25:35.735 [Test worker] DEBUG org.springframework.test.context.support.DefaultTestContextBootstrapper - Found explicit ContextLoader class [org.springframework.boot.test.SpringApplicationContextLoader] for context configuration attributes [ContextConfigurationAttributes@60e43ee8 declaringClass = 'com.mcdonalds.ConfigServiceApplicationTests', classes = '{class com.mcdonalds.ConfigServiceApplication}', locations = '{}', inheritLocations = true, initializers = '{}', inheritInitializers = true, name = [null], contextLoaderClass = 'org.springframework.boot.test.SpringApplicationContextLoader']
20:25:35.740 [Test worker] DEBUG org.springframework.test.context.support.AbstractContextLoader - Did not detect default resource location for test class [com.mcdonalds.ConfigServiceApplicationTests]: class path resource [com/mcdonalds/ConfigServiceApplicationTests-context.xml] does not exist
20:25:35.740 [Test worker] DEBUG org.springframework.test.context.support.AbstractContextLoader - Did not detect default resource location for test class [com.mcdonalds.ConfigServiceApplicationTests]: class path resource [com/mcdonalds/ConfigServiceApplicationTestsContext.groovy] does not exist
20:25:35.741 [Test worker] INFO org.springframework.test.context.support.AbstractContextLoader - Could not detect default resource locations for test class [com.mcdonalds.ConfigServiceApplicationTests]: no resource found for suffixes {-context.xml, Context.groovy}.
20:25:35.742 [Test worker] DEBUG org.springframework.test.context.support.ActiveProfilesUtils - Could not find an 'annotation declaring class' for annotation type [org.springframework.test.context.ActiveProfiles] and class [com.mcdonalds.ConfigServiceApplicationTests]
20:25:35.745 [Test worker] DEBUG org.springframework.test.context.support.DefaultTestContextBootstrapper - @TestExecutionListeners is not present for class [com.mcdonalds.ConfigServiceApplicationTests]: using defaults.
20:25:35.752 [Test worker] INFO org.springframework.test.context.support.DefaultTestContextBootstrapper - Loaded default TestExecutionListener class names from location [META-INF/spring.factories]: [org.springframework.test.context.web.ServletTestExecutionListener, org.springframework.test.context.support.DirtiesContextBeforeModesTestExecutionListener, org.springframework.test.context.support.DependencyInjectionTestExecutionListener, org.springframework.test.context.support.DirtiesContextTestExecutionListener, org.springframework.test.context.transaction.TransactionalTestExecutionListener, org.springframework.test.context.jdbc.SqlScriptsTestExecutionListener]
20:25:35.756 [Test worker] INFO org.springframework.test.context.support.DefaultTestContextBootstrapper - Could not instantiate TestExecutionListener [org.springframework.test.context.transaction.TransactionalTestExecutionListener]. Specify custom listener classes or make the default listener classes (and their required dependencies) available. Offending class: [org/springframework/transaction/TransactionDefinition]
20:25:35.760 [Test worker] INFO org.springframework.test.context.support.DefaultTestContextBootstrapper - Could not instantiate TestExecutionListener [org.springframework.test.context.jdbc.SqlScriptsTestExecutionListener]. Specify custom listener classes or make the default listener classes (and their required dependencies) available. Offending class: [org/springframework/transaction/interceptor/TransactionAttribute]
20:25:35.761 [Test worker] INFO org.springframework.test.context.support.DefaultTestContextBootstrapper - Using TestExecutionListeners: [org.springframework.test.context.web.ServletTestExecutionListener@21723920, org.springframework.test.context.support.DirtiesContextBeforeModesTestExecutionListener@405bc01f, org.springframework.test.context.support.DependencyInjectionTestExecutionListener@381295e1, org.springframework.test.context.support.DirtiesContextTestExecutionListener@193c346d]
20:25:35.764 [Test worker] DEBUG org.springframework.test.annotation.ProfileValueUtils - Retrieved @ProfileValueSourceConfiguration [null] for test class [com.mcdonalds.ConfigServiceApplicationTests]
20:25:35.764 [Test worker] DEBUG org.springframework.test.annotation.ProfileValueUtils - Retrieved ProfileValueSource type [class org.springframework.test.annotation.SystemProfileValueSource] for class [com.mcdonalds.ConfigServiceApplicationTests]
20:25:35.765 [Test worker] DEBUG org.springframework.test.annotation.ProfileValueUtils - Retrieved @ProfileValueSourceConfiguration [null] for test class [com.mcdonalds.ConfigServiceApplicationTests]
20:25:35.765 [Test worker] DEBUG org.springframework.test.annotation.ProfileValueUtils - Retrieved ProfileValueSource type [class org.springframework.test.annotation.SystemProfileValueSource] for class [com.mcdonalds.ConfigServiceApplicationTests]
20:25:35.768 [Test worker] DEBUG org.springframework.test.context.support.AbstractDirtiesContextTestExecutionListener - Before test class: context [DefaultTestContext@42a0450a testClass = ConfigServiceApplicationTests, testInstance = [null], testMethod = [null], testException = [null], mergedContextConfiguration = [MergedContextConfiguration@25a57c0 testClass = ConfigServiceApplicationTests, locations = '{}', classes = '{class com.mcdonalds.ConfigServiceApplication}', contextInitializerClasses = '[]', activeProfiles = '{}', propertySourceLocations = '{}', propertySourceProperties = '{}', contextLoader = 'org.springframework.boot.test.SpringApplicationContextLoader', parent = [null]]], class annotated with @DirtiesContext [false] with mode [null].
20:25:35.769 [Test worker] DEBUG org.springframework.test.annotation.ProfileValueUtils - Retrieved @ProfileValueSourceConfiguration [null] for test class [com.mcdonalds.ConfigServiceApplicationTests]
20:25:35.769 [Test worker] DEBUG org.springframework.test.annotation.ProfileValueUtils - Retrieved ProfileValueSource type [class org.springframework.test.annotation.SystemProfileValueSource] for class [com.mcdonalds.ConfigServiceApplicationTests]
20:25:35.770 [Test worker] DEBUG org.springframework.test.context.support.DependencyInjectionTestExecutionListener - Performing dependency injection for test context [[DefaultTestContext@42a0450a testClass = ConfigServiceApplicationTests, testInstance = com.mcdonalds.ConfigServiceApplicationTests@47bc9507, testMethod = [null], testException = [null], mergedContextConfiguration = [MergedContextConfiguration@25a57c0 testClass = ConfigServiceApplicationTests, locations = '{}', classes = '{class com.mcdonalds.ConfigServiceApplication}', contextInitializerClasses = '[]', activeProfiles = '{}', propertySourceLocations = '{}', propertySourceProperties = '{}', contextLoader = 'org.springframework.boot.test.SpringApplicationContextLoader', parent = [null]]]].
20:25:35.938 [Test worker] DEBUG org.springframework.core.env.StandardEnvironment - Adding [systemProperties] PropertySource with lowest search precedence
20:25:35.940 [Test worker] DEBUG org.springframework.core.env.StandardEnvironment - Adding [systemEnvironment] PropertySource with lowest search precedence
20:25:35.940 [Test worker] DEBUG org.springframework.core.env.StandardEnvironment - Initialized StandardEnvironment with PropertySources [systemProperties,systemEnvironment]
20:25:35.941 [Test worker] DEBUG org.springframework.core.env.StandardEnvironment - Adding [integrationTest] PropertySource with search precedence immediately lower than [systemEnvironment]
2016-06-19 20:25:36.289  INFO 20727 --- [    Test worker] s.c.a.AnnotationConfigApplicationContext : Refreshing org.springframework.context.annotation.AnnotationConfigApplicationContext@708a3e90: startup date [Sun Jun 19 20:25:36 EEST 2016]; root of context hierarchy
2016-06-19 20:25:36.702  INFO 20727 --- [    Test worker] trationDelegate$BeanPostProcessorChecker : Bean 'configurationPropertiesRebinderAutoConfiguration' of type [class org.springframework.cloud.autoconfigure.ConfigurationPropertiesRebinderAutoConfiguration$$EnhancerBySpringCGLIB$$2593f0b] is not eligible for getting processed by all BeanPostProcessors (for example: not eligible for auto-proxying)

  .   ____          _            __ _ _
 /\\ / ___'_ __ _ _(_)_ __  __ _ \ \ \ \
( ( )\___ | '_ | '_| | '_ \/ _` | \ \ \ \
 \\/  ___)| |_)| | | | | || (_| |  ) ) ) )
  '  |____| .__|_| |_|_| |_\__, | / / / /
 =========|_|==============|___/=/_/_/_/
 :: Spring Boot ::        (v1.3.5.RELEASE)

2016-06-19 20:25:37.326  INFO 20727 --- [    Test worker] c.m.ConfigServiceApplicationTests        : The following profiles are active: native
2016-06-19 20:25:37.343  INFO 20727 --- [    Test worker] s.c.a.AnnotationConfigApplicationContext : Refreshing org.springframework.context.annotation.AnnotationConfigApplicationContext@1c4b612b: startup date [Sun Jun 19 20:25:37 EEST 2016]; parent: org.springframework.context.annotation.AnnotationConfigApplicationContext@708a3e90
2016-06-19 20:25:37.745  INFO 20727 --- [    Test worker] o.s.b.f.s.DefaultListableBeanFactory     : Overriding bean definition for bean 'environmentRepository' with a different definition: replacing [Root bean: class [null]; scope=; abstract=false; lazyInit=false; autowireMode=3; dependencyCheck=0; autowireCandidate=true; primary=false; factoryBeanName=org.springframework.cloud.config.server.config.EnvironmentRepositoryConfiguration$GitRepositoryConfiguration; factoryMethodName=environmentRepository; initMethodName=null; destroyMethodName=(inferred); defined in class org.springframework.cloud.config.server.config.EnvironmentRepositoryConfiguration$GitRepositoryConfiguration] with [Root bean: class [null]; scope=; abstract=false; lazyInit=false; autowireMode=3; dependencyCheck=0; autowireCandidate=true; primary=false; factoryBeanName=org.springframework.cloud.config.server.config.EnvironmentRepositoryConfiguration$NativeRepositoryConfiguration; factoryMethodName=environmentRepository; initMethodName=null; destroyMethodName=(inferred); defined in class org.springframework.cloud.config.server.config.EnvironmentRepositoryConfiguration$NativeRepositoryConfiguration]
2016-06-19 20:25:37.823  WARN 20727 --- [    Test worker] o.s.c.a.ConfigurationClassPostProcessor  : Cannot enhance @Configuration bean definition 'refreshScope' since its singleton instance has been created too early. The typical cause is a non-static @Bean method with a BeanDefinitionRegistryPostProcessor return type: Consider declaring such methods as 'static'.
2016-06-19 20:25:37.906  INFO 20727 --- [    Test worker] o.s.cloud.context.scope.GenericScope     : BeanFactory id=fd550986-ec0c-3110-bf15-825cbc4b4ea3
2016-06-19 20:25:37.928  INFO 20727 --- [    Test worker] trationDelegate$BeanPostProcessorChecker : Bean 'org.springframework.cloud.autoconfigure.ConfigurationPropertiesRebinderAutoConfiguration' of type [class org.springframework.cloud.autoconfigure.ConfigurationPropertiesRebinderAutoConfiguration$$EnhancerBySpringCGLIB$$2593f0b] is not eligible for getting processed by all BeanPostProcessors (for example: not eligible for auto-proxying)
2016-06-19 20:25:37.936  INFO 20727 --- [    Test worker] trationDelegate$BeanPostProcessorChecker : Bean 'org.springframework.cloud.autoconfigure.RefreshEndpointAutoConfiguration' of type [class org.springframework.cloud.autoconfigure.RefreshEndpointAutoConfiguration$$EnhancerBySpringCGLIB$$abb84101] is not eligible for getting processed by all BeanPostProcessors (for example: not eligible for auto-proxying)
2016-06-19 20:25:39.333  INFO 20727 --- [    Test worker] c.m.ConfigServiceApplicationTests        : Started ConfigServiceApplicationTests in 3.389 seconds (JVM running for 4.522)
]]></system-out>
  <system-err><![CDATA[]]></system-err>
</testsuite>
